<?xml version="1.0" encoding="UTF-8"?>
<!-- Generated by org.testng.reporters.JUnitReportReporter -->
<testsuite hostname="LAPTOP-MVNUQ4K1" failures="0" tests="1" name="ca.amazon.TestAmazonSignIn" time="1.101" errors="0" timestamp="2022-08-29T03:15:40 GMT-04:00" skipped="0">
  <testcase classname="ca.amazon.TestAmazonSignIn" name="SigninButtonTest" time="1.101"/>
  <system-out/>
</testsuite> <!-- ca.amazon.TestAmazonSignIn -->
