<?xml version="1.0" encoding="UTF-8"?>
<!-- Generated by org.testng.reporters.JUnitReportReporter -->
<testsuite hostname="LAPTOP-MVNUQ4K1" failures="0" tests="2" name="ca.amazon.TestSignIn" time="16.396" errors="0" timestamp="2022-09-09T01:19:21 GMT-04:00" skipped="0">
  <testcase classname="ca.amazon.TestSignIn" name="SigninButtonTest" time="6.786"/>
  <system-out/>
  <testcase classname="ca.amazon.TestSignIn" name="EmailTest" time="9.610"/>
  <system-out/>
</testsuite> <!-- ca.amazon.TestSignIn -->
