<?xml version="1.0" encoding="UTF-8"?>
<!-- Generated by org.testng.reporters.JUnitReportReporter -->
<testsuite hostname="LAPTOP-MVNUQ4K1" failures="0" tests="3" name="ca.amazon.TestSignInRedirect" time="25.547" errors="0" timestamp="2022-09-09T01:19:21 GMT-04:00" skipped="0">
  <testcase classname="ca.amazon.TestSignInRedirect" name="PasswordTest" time="9.842"/>
  <system-out/>
  <testcase classname="ca.amazon.TestSignInRedirect" name="RememberMeTest" time="7.859"/>
  <system-out/>
  <testcase classname="ca.amazon.TestSignInRedirect" name="SignInTest" time="7.846"/>
  <system-out/>
</testsuite> <!-- ca.amazon.TestSignInRedirect -->
