<?xml version="1.0" encoding="UTF-8"?>
<!-- Generated by org.testng.reporters.JUnitReportReporter -->
<testsuite hostname="LAPTOP-MVNUQ4K1" failures="0" tests="3" name="ca.amazon.TestAmazonSignInRedirect" time="0.665" errors="0" timestamp="2022-08-30T05:37:13 GMT-04:00" skipped="0">
  <testcase classname="ca.amazon.TestAmazonSignInRedirect" name="PasswordTest" time="0.145"/>
  <system-out/>
  <testcase classname="ca.amazon.TestAmazonSignInRedirect" name="RememberMeTest" time="0.172"/>
  <system-out/>
  <testcase classname="ca.amazon.TestAmazonSignInRedirect" name="SignInTest" time="0.348"/>
  <system-out/>
</testsuite> <!-- ca.amazon.TestAmazonSignInRedirect -->
