<?xml version="1.0" encoding="UTF-8"?>
<!-- Generated by org.testng.reporters.JUnitReportReporter -->
<testsuite hostname="LAPTOP-MVNUQ4K1" failures="0" tests="1" name="ca.amazon.DryRun" time="5.505" errors="0" timestamp="2022-08-29T02:57:32 GMT-04:00" skipped="0">
  <testcase classname="ca.amazon.DryRun" name="secondtest" time="5.505"/>
  <system-out/>
</testsuite> <!-- ca.amazon.DryRun -->
