<?xml version="1.0" encoding="UTF-8"?>
<!-- Generated by org.testng.reporters.JUnitReportReporter -->
<testsuite hostname="LAPTOP-MVNUQ4K1" failures="0" tests="3" name="ca.amazon.TestAmazonSignIn" time="0.001" errors="0" timestamp="2022-08-30T05:36:21 GMT-04:00" skipped="3">
  <testcase classname="ca.amazon.TestAmazonSignIn" name="SigninButtonTest" time="0.000">
    <skipped/>
  </testcase> <!-- SigninButtonTest -->
  <system-out/>
  <testcase classname="ca.amazon.TestAmazonSignIn" name="EmailTest" time="0.000">
    <skipped/>
  </testcase> <!-- EmailTest -->
  <system-out/>
  <testcase classname="ca.amazon.TestAmazonSignIn" name="ContinueTest" time="0.001">
    <skipped/>
  </testcase> <!-- ContinueTest -->
  <system-out/>
</testsuite> <!-- ca.amazon.TestAmazonSignIn -->
