<?xml version="1.0" encoding="UTF-8"?>
<!-- Generated by org.testng.reporters.JUnitReportReporter -->
<testsuite hostname="LAPTOP-MVNUQ4K1" failures="0" tests="2" name="ca.amazon.TestSignIn" time="13.084" errors="0" timestamp="2022-09-08T01:38:55 GMT-04:00" skipped="0">
  <testcase classname="ca.amazon.TestSignIn" name="SigninButtonTest" time="6.388"/>
  <system-out/>
  <testcase classname="ca.amazon.TestSignIn" name="EmailTest" time="6.696"/>
  <system-out/>
</testsuite> <!-- ca.amazon.TestSignIn -->
