<?xml version="1.0" encoding="UTF-8"?>
<!-- Generated by org.testng.reporters.JUnitReportReporter -->
<testsuite hostname="LAPTOP-MVNUQ4K1" failures="0" tests="1" name="ca.amazon.DryRun" time="3.568" errors="0" timestamp="2022-08-28T06:12:50 GMT-04:00" skipped="0">
  <testcase classname="ca.amazon.DryRun" name="primarytest" time="3.568"/>
  <system-out/>
</testsuite> <!-- ca.amazon.DryRun -->
