<?xml version="1.0" encoding="UTF-8"?>
<!-- Generated by org.testng.reporters.JUnitReportReporter -->
<testsuite hostname="LAPTOP-MVNUQ4K1" failures="0" tests="3" name="ca.amazon.TestSignIn" time="391.696" errors="0" timestamp="2022-11-19T22:33:50 GMT-05:00" skipped="1">
  <testcase classname="ca.amazon.TestSignIn" name="SigninButtonTest" time="117.395"/>
  <system-out/>
  <testcase classname="ca.amazon.TestSignIn" name="EmailTest" time="123.660">
    <skipped/>
  </testcase> <!-- EmailTest -->
  <system-out/>
  <testcase classname="ca.amazon.TestSignIn" name="EmailTest" time="150.641"/>
  <system-out/>
</testsuite> <!-- ca.amazon.TestSignIn -->
