<?xml version="1.0" encoding="UTF-8"?>
<!-- Generated by org.testng.reporters.JUnitReportReporter -->
<testsuite hostname="LAPTOP-MVNUQ4K1" failures="0" tests="3" name="ca.amazon.TestSignInRedirect" time="0.429" errors="0" timestamp="2022-09-02T19:45:38 GMT-04:00" skipped="0">
  <testcase classname="ca.amazon.TestSignInRedirect" name="PasswordTest" time="0.104"/>
  <system-out/>
  <testcase classname="ca.amazon.TestSignInRedirect" name="RememberMeTest" time="0.121"/>
  <system-out/>
  <testcase classname="ca.amazon.TestSignInRedirect" name="SignInTest" time="0.204"/>
  <system-out/>
</testsuite> <!-- ca.amazon.TestSignInRedirect -->
