<?xml version="1.0" encoding="UTF-8"?>
<!-- Generated by org.testng.reporters.JUnitReportReporter -->
<testsuite hostname="LAPTOP-MVNUQ4K1" failures="0" tests="2" name="ca.amazon.TestSignIn" time="349.469" errors="0" timestamp="2022-10-29T17:35:52 GMT-04:00" skipped="0">
  <testcase classname="ca.amazon.TestSignIn" name="SigninButtonTest" time="129.389"/>
  <system-out/>
  <testcase classname="ca.amazon.TestSignIn" name="EmailTest" time="220.080"/>
  <system-out/>
</testsuite> <!-- ca.amazon.TestSignIn -->
