<?xml version="1.0" encoding="UTF-8"?>
<!-- Generated by org.testng.reporters.JUnitReportReporter -->
<testsuite hostname="LAPTOP-MVNUQ4K1" failures="0" tests="1" name="ca.amazon.TestHomePage" time="22.844" errors="0" timestamp="2022-09-26T19:00:48 GMT-04:00" skipped="0">
  <testcase classname="ca.amazon.TestHomePage" name="Search" time="22.844"/>
  <system-out/>
</testsuite> <!-- ca.amazon.TestHomePage -->
