<?xml version="1.0" encoding="UTF-8"?>
<!-- Generated by org.testng.reporters.JUnitReportReporter -->
<testsuite hostname="LAPTOP-MVNUQ4K1" failures="0" tests="3" name="ca.amazon.TestSignIn" time="25.720" errors="0" timestamp="2022-09-02T19:45:38 GMT-04:00" skipped="0">
  <testcase classname="ca.amazon.TestSignIn" name="SigninButtonTest" time="8.071"/>
  <system-out/>
  <testcase classname="ca.amazon.TestSignIn" name="EmailTest" time="8.062"/>
  <system-out/>
  <testcase classname="ca.amazon.TestSignIn" name="ContinueTest" time="9.587"/>
  <system-out/>
</testsuite> <!-- ca.amazon.TestSignIn -->
