<?xml version="1.0" encoding="UTF-8"?>
<!-- Generated by org.testng.reporters.JUnitReportReporter -->
<testsuite hostname="LAPTOP-MVNUQ4K1" failures="0" tests="3" name="ca.amazon.TestSignInRedirect" time="367.979" errors="0" timestamp="2022-10-29T17:35:52 GMT-04:00" skipped="0">
  <testcase classname="ca.amazon.TestSignInRedirect" name="PasswordTest" time="129.653"/>
  <system-out/>
  <testcase classname="ca.amazon.TestSignInRedirect" name="RememberMeTest" time="118.585"/>
  <system-out/>
  <testcase classname="ca.amazon.TestSignInRedirect" name="SignInTest" time="119.741"/>
  <system-out/>
</testsuite> <!-- ca.amazon.TestSignInRedirect -->
