<?xml version="1.0" encoding="UTF-8"?>
<!-- Generated by org.testng.reporters.JUnitReportReporter -->
<testsuite hostname="LAPTOP-MVNUQ4K1" failures="0" tests="2" name="ca.amazon.TestSignIn" time="17.310" errors="0" timestamp="2022-09-03T04:56:11 GMT-04:00" skipped="0">
  <testcase classname="ca.amazon.TestSignIn" name="SigninButtonTest" time="7.319"/>
  <system-out/>
  <testcase classname="ca.amazon.TestSignIn" name="EmailTest" time="9.991"/>
  <system-out/>
</testsuite> <!-- ca.amazon.TestSignIn -->
