<?xml version="1.0" encoding="UTF-8"?>
<!-- Generated by org.testng.reporters.JUnitReportReporter -->
<testsuite hostname="LAPTOP-MVNUQ4K1" failures="0" tests="3" name="ca.amazon.TestSignInRedirect" time="0.616" errors="0" timestamp="2022-09-01T07:38:28 GMT-04:00" skipped="0">
  <testcase classname="ca.amazon.TestSignInRedirect" name="PasswordTest" time="0.152"/>
  <system-out/>
  <testcase classname="ca.amazon.TestSignInRedirect" name="RememberMeTest" time="0.132"/>
  <system-out/>
  <testcase classname="ca.amazon.TestSignInRedirect" name="SignInTest" time="0.332"/>
  <system-out/>
</testsuite> <!-- ca.amazon.TestSignInRedirect -->
