<?xml version="1.0" encoding="UTF-8"?>
<!-- Generated by org.testng.reporters.JUnitReportReporter -->
<testsuite hostname="LAPTOP-MVNUQ4K1" failures="0" tests="3" name="ca.amazon.TestSignIn" time="2.074" errors="0" timestamp="2022-09-01T06:09:18 GMT-04:00" skipped="0">
  <testcase classname="ca.amazon.TestSignIn" name="SigninButtonTest" time="0.906"/>
  <system-out/>
  <testcase classname="ca.amazon.TestSignIn" name="EmailTest" time="0.401"/>
  <system-out/>
  <testcase classname="ca.amazon.TestSignIn" name="ContinueTest" time="0.767"/>
  <system-out/>
</testsuite> <!-- ca.amazon.TestSignIn -->
