<?xml version="1.0" encoding="UTF-8"?>
<!-- Generated by org.testng.reporters.JUnitReportReporter -->
<testsuite hostname="LAPTOP-MVNUQ4K1" failures="0" tests="1" name="ca.amazon.TestSignIn" time="23.447" errors="0" timestamp="2022-11-30T04:30:52 GMT-05:00" skipped="0">
  <testcase classname="ca.amazon.TestSignIn" name="SigninButtonTest" time="23.447"/>
  <system-out/>
</testsuite> <!-- ca.amazon.TestSignIn -->
