<?xml version="1.0" encoding="UTF-8"?>
<!-- Generated by org.testng.reporters.JUnitReportReporter -->
<testsuite hostname="LAPTOP-MVNUQ4K1" failures="0" tests="2" name="ca.amazon.TestSignIn" time="16.373" errors="0" timestamp="2022-11-06T22:27:23 GMT-05:00" skipped="0">
  <testcase classname="ca.amazon.TestSignIn" name="SigninButtonTest" time="8.403"/>
  <system-out/>
  <testcase classname="ca.amazon.TestSignIn" name="EmailTest" time="7.970"/>
  <system-out/>
</testsuite> <!-- ca.amazon.TestSignIn -->
