<?xml version="1.0" encoding="UTF-8"?>
<!-- Generated by org.testng.reporters.JUnitReportReporter -->
<testsuite hostname="LAPTOP-MVNUQ4K1" failures="0" tests="3" name="ca.amazon.TestHomePage" time="48.127" errors="0" timestamp="2022-11-06T22:27:23 GMT-05:00" skipped="1">
  <testcase classname="ca.amazon.TestHomePage" name="search" time="16.231"/>
  <system-out/>
  <testcase classname="ca.amazon.TestHomePage" name="search" time="16.978">
    <skipped/>
  </testcase> <!-- search -->
  <system-out/>
  <testcase classname="ca.amazon.TestHomePage" name="search_page2" time="14.918"/>
  <system-out/>
</testsuite> <!-- ca.amazon.TestHomePage -->
