<?xml version="1.0" encoding="UTF-8"?>
<!-- Generated by org.testng.reporters.JUnitReportReporter -->
<testsuite hostname="LAPTOP-MVNUQ4K1" failures="0" tests="2" name="ca.amazon.TestSignIn" time="136.969" errors="0" timestamp="2022-11-27T19:16:13 GMT-05:00" skipped="0">
  <testcase classname="ca.amazon.TestSignIn" name="SigninButtonTest" time="62.563"/>
  <system-out/>
  <testcase classname="ca.amazon.TestSignIn" name="EmailTest" time="74.406"/>
  <system-out/>
</testsuite> <!-- ca.amazon.TestSignIn -->
