<?xml version="1.0" encoding="UTF-8"?>
<!-- Generated by org.testng.reporters.JUnitReportReporter -->
<testsuite hostname="LAPTOP-MVNUQ4K1" failures="0" tests="3" name="ca.amazon.TestSignInRedirect" time="27.201" errors="0" timestamp="2022-09-03T04:56:11 GMT-04:00" skipped="0">
  <testcase classname="ca.amazon.TestSignInRedirect" name="PasswordTest" time="9.835"/>
  <system-out/>
  <testcase classname="ca.amazon.TestSignInRedirect" name="RememberMeTest" time="8.448"/>
  <system-out/>
  <testcase classname="ca.amazon.TestSignInRedirect" name="SignInTest" time="8.918"/>
  <system-out/>
</testsuite> <!-- ca.amazon.TestSignInRedirect -->
