<?xml version="1.0" encoding="UTF-8"?>
<!-- Generated by org.testng.reporters.JUnitReportReporter -->
<testsuite hostname="LAPTOP-MVNUQ4K1" failures="0" tests="1" name="ca.amazon.basepackage.RemoteDriverFactory" time="63.797" errors="0" timestamp="2022-11-06T14:39:55 GMT-05:00" skipped="0">
  <testcase classname="ca.amazon.basepackage.RemoteDriverFactory" name="test" time="63.797"/>
  <system-out/>
</testsuite> <!-- ca.amazon.basepackage.RemoteDriverFactory -->
