<?xml version="1.0" encoding="UTF-8"?>
<!-- Generated by org.testng.reporters.JUnitReportReporter -->
<testsuite hostname="LAPTOP-MVNUQ4K1" failures="0" tests="1" name="ca.amazon.pages.HomePage" time="5.141" errors="0" timestamp="2022-09-01T05:40:49 GMT-04:00" skipped="0">
  <testcase classname="ca.amazon.pages.HomePage" name="trial" time="5.141"/>
  <system-out/>
</testsuite> <!-- ca.amazon.pages.HomePage -->
